<?xml version="1.0" encoding="UTF-8"?>
<!-- Generated by org.testng.reporters.JUnitReportReporter -->
<testsuite skipped="94" hostname="LAPTOP-G420SG1V" name="Unipupil.UniMavenTests.Chrome77BuyCourseAddFeesAgentDomesticIndivCommFullPaymentTest" tests="99" failures="0" timestamp="29 Jan 2020 16:45:08 GMT" time="120.198" errors="2">
  <testcase name="findInstitution" time="0.000" classname="Unipupil.UniMavenTests.Chrome77BuyCourseAddFeesAgentDomesticIndivCommFullPaymentTest">
    <skipped/>
  </testcase> <!-- findInstitution -->
  <testcase name="checkoutLineProductName" time="0.000" classname="Unipupil.UniMavenTests.Chrome77BuyCourseAddFeesAgentDomesticIndivCommFullPaymentTest">
    <skipped/>
  </testcase> <!-- checkoutLineProductName -->
  <testcase name="ppLoginPageSummaryAmount" time="0.000" classname="Unipupil.UniMavenTests.Chrome77BuyCourseAddFeesAgentDomesticIndivCommFullPaymentTest">
    <skipped/>
  </testcase> <!-- ppLoginPageSummaryAmount -->
  <testcase name="studentLogin" time="0.000" classname="Unipupil.UniMavenTests.Chrome77BuyCourseAddFeesAgentDomesticIndivCommFullPaymentTest">
    <skipped/>
  </testcase> <!-- studentLogin -->
  <testcase name="checkoutAdditionalFeesTitle" time="0.000" classname="Unipupil.UniMavenTests.Chrome77BuyCourseAddFeesAgentDomesticIndivCommFullPaymentTest">
    <skipped/>
  </testcase> <!-- checkoutAdditionalFeesTitle -->
  <testcase name="reviewOrderAdditionalFeesTitle" time="0.000" classname="Unipupil.UniMavenTests.Chrome77BuyCourseAddFeesAgentDomesticIndivCommFullPaymentTest">
    <skipped/>
  </testcase> <!-- reviewOrderAdditionalFeesTitle -->
  <testcase name="paymentOrderHistoryProductName" time="0.000" classname="Unipupil.UniMavenTests.Chrome77BuyCourseAddFeesAgentDomesticIndivCommFullPaymentTest">
    <skipped/>
  </testcase> <!-- paymentOrderHistoryProductName -->
  <testcase name="institutionLogout" time="0.000" classname="Unipupil.UniMavenTests.Chrome77BuyCourseAddFeesAgentDomesticIndivCommFullPaymentTest">
    <skipped/>
  </testcase> <!-- institutionLogout -->
  <testcase name="paymentOrderHistoryPage" time="0.000" classname="Unipupil.UniMavenTests.Chrome77BuyCourseAddFeesAgentDomesticIndivCommFullPaymentTest">
    <skipped/>
  </testcase> <!-- paymentOrderHistoryPage -->
  <testcase name="institutionAccountAdditionalFee" time="0.000" classname="Unipupil.UniMavenTests.Chrome77BuyCourseAddFeesAgentDomesticIndivCommFullPaymentTest">
    <skipped/>
  </testcase> <!-- institutionAccountAdditionalFee -->
  <testcase name="reviewOrderAdditionalFees" time="0.000" classname="Unipupil.UniMavenTests.Chrome77BuyCourseAddFeesAgentDomesticIndivCommFullPaymentTest">
    <skipped/>
  </testcase> <!-- reviewOrderAdditionalFees -->
  <testcase name="aggregateFeesEqualReviewOrderSubTotal" time="0.000" classname="Unipupil.UniMavenTests.Chrome77BuyCourseAddFeesAgentDomesticIndivCommFullPaymentTest">
    <skipped/>
  </testcase> <!-- aggregateFeesEqualReviewOrderSubTotal -->
  <testcase name="checkoutAdditionalFees" time="0.000" classname="Unipupil.UniMavenTests.Chrome77BuyCourseAddFeesAgentDomesticIndivCommFullPaymentTest">
    <skipped/>
  </testcase> <!-- checkoutAdditionalFees -->
  <testcase name="ppLoginPageSummaryTotal" time="0.000" classname="Unipupil.UniMavenTests.Chrome77BuyCourseAddFeesAgentDomesticIndivCommFullPaymentTest">
    <skipped/>
  </testcase> <!-- ppLoginPageSummaryTotal -->
  <testcase name="reviewOrderInstitutionTitle" time="0.000" classname="Unipupil.UniMavenTests.Chrome77BuyCourseAddFeesAgentDomesticIndivCommFullPaymentTest">
    <skipped/>
  </testcase> <!-- reviewOrderInstitutionTitle -->
  <testcase name="studentAccountAdditionalFee" time="0.000" classname="Unipupil.UniMavenTests.Chrome77BuyCourseAddFeesAgentDomesticIndivCommFullPaymentTest">
    <skipped/>
  </testcase> <!-- studentAccountAdditionalFee -->
  <testcase name="goToStudentAccount" time="0.000" classname="Unipupil.UniMavenTests.Chrome77BuyCourseAddFeesAgentDomesticIndivCommFullPaymentTest">
    <skipped/>
  </testcase> <!-- goToStudentAccount -->
  <testcase name="agentLogin" time="0.000" classname="Unipupil.UniMavenTests.Chrome77BuyCourseAddFeesAgentDomesticIndivCommFullPaymentTest">
    <skipped/>
  </testcase> <!-- agentLogin -->
  <testcase name="getCourseFees" time="0.000" classname="Unipupil.UniMavenTests.Chrome77BuyCourseAddFeesAgentDomesticIndivCommFullPaymentTest">
    <skipped/>
  </testcase> <!-- getCourseFees -->
  <testcase name="institutionAccountDisplayedAgentPercent" time="0.000" classname="Unipupil.UniMavenTests.Chrome77BuyCourseAddFeesAgentDomesticIndivCommFullPaymentTest">
    <skipped/>
  </testcase> <!-- institutionAccountDisplayedAgentPercent -->
  <testcase name="paymentOrderHistoryQuantity" time="0.000" classname="Unipupil.UniMavenTests.Chrome77BuyCourseAddFeesAgentDomesticIndivCommFullPaymentTest">
    <skipped/>
  </testcase> <!-- paymentOrderHistoryQuantity -->
  <testcase name="paymentOrderHistoryProductDescription" time="0.000" classname="Unipupil.UniMavenTests.Chrome77BuyCourseAddFeesAgentDomesticIndivCommFullPaymentTest">
    <skipped/>
  </testcase> <!-- paymentOrderHistoryProductDescription -->
  <testcase name="eduInstitutionPayPalAccountGrossFees" time="0.000" classname="Unipupil.UniMavenTests.Chrome77BuyCourseAddFeesAgentDomesticIndivCommFullPaymentTest">
    <skipped/>
  </testcase> <!-- eduInstitutionPayPalAccountGrossFees -->
  <testcase name="reviewOrderProductName" time="0.000" classname="Unipupil.UniMavenTests.Chrome77BuyCourseAddFeesAgentDomesticIndivCommFullPaymentTest">
    <skipped/>
  </testcase> <!-- reviewOrderProductName -->
  <testcase name="studentAccountFinishDate" time="0.000" classname="Unipupil.UniMavenTests.Chrome77BuyCourseAddFeesAgentDomesticIndivCommFullPaymentTest">
    <skipped/>
  </testcase> <!-- studentAccountFinishDate -->
  <testcase name="agreeCookiePolicy" time="0.698" classname="Unipupil.UniMavenTests.Chrome77BuyCourseAddFeesAgentDomesticIndivCommFullPaymentTest"/>
  <testcase name="institutionAccountDisplayedTotalCommissionPercent" time="0.000" classname="Unipupil.UniMavenTests.Chrome77BuyCourseAddFeesAgentDomesticIndivCommFullPaymentTest">
    <skipped/>
  </testcase> <!-- institutionAccountDisplayedTotalCommissionPercent -->
  <testcase name="getCommissionPercentages" time="0.000" classname="Unipupil.UniMavenTests.Chrome77BuyCourseAddFeesAgentDomesticIndivCommFullPaymentTest">
    <skipped/>
  </testcase> <!-- getCommissionPercentages -->
  <testcase name="agentAccountTotalPrice" time="0.000" classname="Unipupil.UniMavenTests.Chrome77BuyCourseAddFeesAgentDomesticIndivCommFullPaymentTest">
    <skipped/>
  </testcase> <!-- agentAccountTotalPrice -->
  <testcase name="checkoutInstitutionTitle" time="0.000" classname="Unipupil.UniMavenTests.Chrome77BuyCourseAddFeesAgentDomesticIndivCommFullPaymentTest">
    <skipped/>
  </testcase> <!-- checkoutInstitutionTitle -->
  <testcase name="payPalLogin" time="0.000" classname="Unipupil.UniMavenTests.Chrome77BuyCourseAddFeesAgentDomesticIndivCommFullPaymentTest">
    <skipped/>
  </testcase> <!-- payPalLogin -->
  <testcase name="checkInstitutionAccount" time="0.000" classname="Unipupil.UniMavenTests.Chrome77BuyCourseAddFeesAgentDomesticIndivCommFullPaymentTest">
    <skipped/>
  </testcase> <!-- checkInstitutionAccount -->
  <testcase name="institutionAccountAdditionalFeeName" time="0.000" classname="Unipupil.UniMavenTests.Chrome77BuyCourseAddFeesAgentDomesticIndivCommFullPaymentTest">
    <skipped/>
  </testcase> <!-- institutionAccountAdditionalFeeName -->
  <testcase name="agentPayPalAccount" time="0.000" classname="Unipupil.UniMavenTests.Chrome77BuyCourseAddFeesAgentDomesticIndivCommFullPaymentTest">
    <skipped/>
  </testcase> <!-- agentPayPalAccount -->
  <testcase name="selectInstitution" time="0.000" classname="Unipupil.UniMavenTests.Chrome77BuyCourseAddFeesAgentDomesticIndivCommFullPaymentTest">
    <skipped/>
  </testcase> <!-- selectInstitution -->
  <testcase name="enterAddressAndContinue" time="0.000" classname="Unipupil.UniMavenTests.Chrome77BuyCourseAddFeesAgentDomesticIndivCommFullPaymentTest">
    <skipped/>
  </testcase> <!-- enterAddressAndContinue -->
  <testcase name="submitOrder" time="0.000" classname="Unipupil.UniMavenTests.Chrome77BuyCourseAddFeesAgentDomesticIndivCommFullPaymentTest">
    <skipped/>
  </testcase> <!-- submitOrder -->
  <testcase name="reviewOrderTotal" time="0.000" classname="Unipupil.UniMavenTests.Chrome77BuyCourseAddFeesAgentDomesticIndivCommFullPaymentTest">
    <skipped/>
  </testcase> <!-- reviewOrderTotal -->
  <testcase name="agentAccountTotalPaid" time="0.000" classname="Unipupil.UniMavenTests.Chrome77BuyCourseAddFeesAgentDomesticIndivCommFullPaymentTest">
    <skipped/>
  </testcase> <!-- agentAccountTotalPaid -->
  <testcase name="checkoutLinePrice" time="0.000" classname="Unipupil.UniMavenTests.Chrome77BuyCourseAddFeesAgentDomesticIndivCommFullPaymentTest">
    <skipped/>
  </testcase> <!-- checkoutLinePrice -->
  <testcase name="cartLinePrice" time="0.000" classname="Unipupil.UniMavenTests.Chrome77BuyCourseAddFeesAgentDomesticIndivCommFullPaymentTest">
    <skipped/>
  </testcase> <!-- cartLinePrice -->
  <testcase name="checkoutTotal" time="0.000" classname="Unipupil.UniMavenTests.Chrome77BuyCourseAddFeesAgentDomesticIndivCommFullPaymentTest">
    <skipped/>
  </testcase> <!-- checkoutTotal -->
  <testcase name="studentAccountAdditionalFeeName" time="0.000" classname="Unipupil.UniMavenTests.Chrome77BuyCourseAddFeesAgentDomesticIndivCommFullPaymentTest">
    <skipped/>
  </testcase> <!-- studentAccountAdditionalFeeName -->
  <testcase name="ppConfirmPageSummaryAmount" time="0.000" classname="Unipupil.UniMavenTests.Chrome77BuyCourseAddFeesAgentDomesticIndivCommFullPaymentTest">
    <skipped/>
  </testcase> <!-- ppConfirmPageSummaryAmount -->
  <testcase name="eduInstitutionPayPalAccountAgentCommission" time="0.000" classname="Unipupil.UniMavenTests.Chrome77BuyCourseAddFeesAgentDomesticIndivCommFullPaymentTest">
    <skipped/>
  </testcase> <!-- eduInstitutionPayPalAccountAgentCommission -->
  <testcase name="enterInstitutionLoginDetails" time="102.674" classname="Unipupil.UniMavenTests.Chrome77BuyCourseAddFeesAgentDomesticIndivCommFullPaymentTest">
    <error type="org.openqa.selenium.TimeoutException" message="Expected condition failed: waiting for url to be &quot;https://unipupil.com/user&quot;. Current url: &quot;https://unipupil.com/users/unipupil-university-sample&quot; (tried for 100 second(s) with 500 milliseconds interval)
Build info: version: &#039;3.141.59&#039;, revision: &#039;e82be7d358&#039;, time: &#039;2018-11-14T08:17:03&#039;
System info: host: &#039;LAPTOP-G420SG1V&#039;, ip: &#039;192.168.0.106&#039;, os.name: &#039;Windows 10&#039;, os.arch: &#039;amd64&#039;, os.version: &#039;10.0&#039;, java.version: &#039;1.8.0_231&#039;
Driver info: org.openqa.selenium.chrome.ChromeDriver
Capabilities {acceptInsecureCerts: false, browserName: chrome, browserVersion: 79.0.3945.117, chrome: {chromedriverVersion: 78.0.3904.70 (edb9c9f3de024..., userDataDir: C:\Users\Ankita\AppData\Loc...}, goog:chromeOptions: {debuggerAddress: localhost:51498}, javascriptEnabled: true, networkConnectionEnabled: false, pageLoadStrategy: normal, platform: XP, platformName: XP, proxy: Proxy(), setWindowRect: true, strictFileInteractability: false, timeouts: {implicit: 0, pageLoad: 300000, script: 30000}, unhandledPromptBehavior: dismiss and notify}
Session ID: 8f68557dab79e77aa7b0205389b07fbd">
      <![CDATA[org.openqa.selenium.TimeoutException: Expected condition failed: waiting for url to be "https://unipupil.com/user". Current url: "https://unipupil.com/users/unipupil-university-sample" (tried for 100 second(s) with 500 milliseconds interval)
Build info: version: '3.141.59', revision: 'e82be7d358', time: '2018-11-14T08:17:03'
System info: host: 'LAPTOP-G420SG1V', ip: '192.168.0.106', os.name: 'Windows 10', os.arch: 'amd64', os.version: '10.0', java.version: '1.8.0_231'
Driver info: org.openqa.selenium.chrome.ChromeDriver
Capabilities {acceptInsecureCerts: false, browserName: chrome, browserVersion: 79.0.3945.117, chrome: {chromedriverVersion: 78.0.3904.70 (edb9c9f3de024..., userDataDir: C:\Users\Ankita\AppData\Loc...}, goog:chromeOptions: {debuggerAddress: localhost:51498}, javascriptEnabled: true, networkConnectionEnabled: false, pageLoadStrategy: normal, platform: XP, platformName: XP, proxy: Proxy(), setWindowRect: true, strictFileInteractability: false, timeouts: {implicit: 0, pageLoad: 300000, script: 30000}, unhandledPromptBehavior: dismiss and notify}
Session ID: 8f68557dab79e77aa7b0205389b07fbd
at org.openqa.selenium.support.ui.WebDriverWait.timeoutException(WebDriverWait.java:95)
at org.openqa.selenium.support.ui.FluentWait.until(FluentWait.java:272)
at Unipupil.UniMavenTests.Chrome77BuyCourseAddFeesAgentDomesticIndivCommFullPaymentTest.enterInstitutionLoginDetails(Chrome77BuyCourseAddFeesAgentDomesticIndivCommFullPaymentTest.java:374)
at sun.reflect.NativeMethodAccessorImpl.invoke0(Native Method)
at sun.reflect.NativeMethodAccessorImpl.invoke(NativeMethodAccessorImpl.java:62)
at sun.reflect.DelegatingMethodAccessorImpl.invoke(DelegatingMethodAccessorImpl.java:43)
at java.lang.reflect.Method.invoke(Method.java:498)
at org.testng.internal.MethodInvocationHelper.invokeMethod(MethodInvocationHelper.java:124)
at org.testng.internal.Invoker.invokeMethod(Invoker.java:583)
at org.testng.internal.Invoker.invokeTestMethod(Invoker.java:719)
at org.testng.internal.Invoker.invokeTestMethods(Invoker.java:989)
at org.testng.internal.TestMethodWorker.invokeTestMethods(TestMethodWorker.java:125)
at org.testng.internal.TestMethodWorker.run(TestMethodWorker.java:109)
at org.testng.TestRunner.privateRun(TestRunner.java:648)
at org.testng.TestRunner.run(TestRunner.java:505)
at org.testng.SuiteRunner.runTest(SuiteRunner.java:455)
at org.testng.SuiteRunner.runSequentially(SuiteRunner.java:450)
at org.testng.SuiteRunner.privateRun(SuiteRunner.java:415)
at org.testng.SuiteRunner.run(SuiteRunner.java:364)
at org.testng.SuiteRunnerWorker.runSuite(SuiteRunnerWorker.java:52)
at org.testng.SuiteRunnerWorker.run(SuiteRunnerWorker.java:84)
at org.testng.TestNG.runSuitesSequentially(TestNG.java:1208)
at org.testng.TestNG.runSuitesLocally(TestNG.java:1137)
at org.testng.TestNG.runSuites(TestNG.java:1049)
at org.testng.TestNG.run(TestNG.java:1017)
at org.apache.maven.surefire.testng.TestNGExecutor.run(TestNGExecutor.java:77)
at org.apache.maven.surefire.testng.TestNGDirectoryTestSuite.execute(TestNGDirectoryTestSuite.java:110)
at org.apache.maven.surefire.testng.TestNGProvider.invoke(TestNGProvider.java:106)
at sun.reflect.NativeMethodAccessorImpl.invoke0(Native Method)
at sun.reflect.NativeMethodAccessorImpl.invoke(NativeMethodAccessorImpl.java:62)
at sun.reflect.DelegatingMethodAccessorImpl.invoke(DelegatingMethodAccessorImpl.java:43)
at java.lang.reflect.Method.invoke(Method.java:498)
at org.apache.maven.surefire.util.ReflectionUtils.invokeMethodWithArray(ReflectionUtils.java:189)
at org.apache.maven.surefire.booter.ProviderFactory$ProviderProxy.invoke(ProviderFactory.java:165)
at org.apache.maven.surefire.booter.ProviderFactory.invokeProvider(ProviderFactory.java:85)
at org.apache.maven.surefire.booter.ForkedBooter.runSuitesInProcess(ForkedBooter.java:115)
at org.apache.maven.surefire.booter.ForkedBooter.main(ForkedBooter.java:75)
]]>
    </error>
  </testcase> <!-- enterInstitutionLoginDetails -->
  <testcase name="selectCourse" time="0.000" classname="Unipupil.UniMavenTests.Chrome77BuyCourseAddFeesAgentDomesticIndivCommFullPaymentTest">
    <skipped/>
  </testcase> <!-- selectCourse -->
  <testcase name="studentAccountCourseName" time="0.000" classname="Unipupil.UniMavenTests.Chrome77BuyCourseAddFeesAgentDomesticIndivCommFullPaymentTest">
    <skipped/>
  </testcase> <!-- studentAccountCourseName -->
  <testcase name="studentPaymentStatus" time="0.000" classname="Unipupil.UniMavenTests.Chrome77BuyCourseAddFeesAgentDomesticIndivCommFullPaymentTest">
    <skipped/>
  </testcase> <!-- studentPaymentStatus -->
  <testcase name="unipupilPayPalAccount" time="0.000" classname="Unipupil.UniMavenTests.Chrome77BuyCourseAddFeesAgentDomesticIndivCommFullPaymentTest">
    <skipped/>
  </testcase> <!-- unipupilPayPalAccount -->
  <testcase name="eduInstitutionPayPalAccountUnipupilCommission" time="0.000" classname="Unipupil.UniMavenTests.Chrome77BuyCourseAddFeesAgentDomesticIndivCommFullPaymentTest">
    <skipped/>
  </testcase> <!-- eduInstitutionPayPalAccountUnipupilCommission -->
  <testcase name="institutionAccountPurchaseDate" time="0.000" classname="Unipupil.UniMavenTests.Chrome77BuyCourseAddFeesAgentDomesticIndivCommFullPaymentTest">
    <skipped/>
  </testcase> <!-- institutionAccountPurchaseDate -->
  <testcase name="eduInstitutionPaymentStatus" time="0.000" classname="Unipupil.UniMavenTests.Chrome77BuyCourseAddFeesAgentDomesticIndivCommFullPaymentTest">
    <skipped/>
  </testcase> <!-- eduInstitutionPaymentStatus -->
  <testcase name="checkCartSubTotalAgainstGrossFees" time="0.000" classname="Unipupil.UniMavenTests.Chrome77BuyCourseAddFeesAgentDomesticIndivCommFullPaymentTest">
    <skipped/>
  </testcase> <!-- checkCartSubTotalAgainstGrossFees -->
  <testcase name="ppConfirmPageSummaryTotal" time="0.000" classname="Unipupil.UniMavenTests.Chrome77BuyCourseAddFeesAgentDomesticIndivCommFullPaymentTest">
    <skipped/>
  </testcase> <!-- ppConfirmPageSummaryTotal -->
  <testcase name="cartProductUnitPrice" time="0.000" classname="Unipupil.UniMavenTests.Chrome77BuyCourseAddFeesAgentDomesticIndivCommFullPaymentTest">
    <skipped/>
  </testcase> <!-- cartProductUnitPrice -->
  <testcase name="adminLogin" time="0.000" classname="Unipupil.UniMavenTests.Chrome77BuyCourseAddFeesAgentDomesticIndivCommFullPaymentTest">
    <skipped/>
  </testcase> <!-- adminLogin -->
  <testcase name="paymentOrderHistoryUnitPrice" time="0.000" classname="Unipupil.UniMavenTests.Chrome77BuyCourseAddFeesAgentDomesticIndivCommFullPaymentTest">
    <skipped/>
  </testcase> <!-- paymentOrderHistoryUnitPrice -->
  <testcase name="studentPayPalAccount" time="0.000" classname="Unipupil.UniMavenTests.Chrome77BuyCourseAddFeesAgentDomesticIndivCommFullPaymentTest">
    <skipped/>
  </testcase> <!-- studentPayPalAccount -->
  <testcase name="studentAccountStartDate" time="0.000" classname="Unipupil.UniMavenTests.Chrome77BuyCourseAddFeesAgentDomesticIndivCommFullPaymentTest">
    <skipped/>
  </testcase> <!-- studentAccountStartDate -->
  <testcase name="goToCheckout" time="0.000" classname="Unipupil.UniMavenTests.Chrome77BuyCourseAddFeesAgentDomesticIndivCommFullPaymentTest">
    <skipped/>
  </testcase> <!-- goToCheckout -->
  <testcase name="institutionAccountOverviewPage" time="0.000" classname="Unipupil.UniMavenTests.Chrome77BuyCourseAddFeesAgentDomesticIndivCommFullPaymentTest">
    <skipped/>
  </testcase> <!-- institutionAccountOverviewPage -->
  <testcase name="institutionAccountStartDate" time="0.000" classname="Unipupil.UniMavenTests.Chrome77BuyCourseAddFeesAgentDomesticIndivCommFullPaymentTest">
    <skipped/>
  </testcase> <!-- institutionAccountStartDate -->
  <testcase name="agentAccountPurchaseDate" time="0.000" classname="Unipupil.UniMavenTests.Chrome77BuyCourseAddFeesAgentDomesticIndivCommFullPaymentTest">
    <skipped/>
  </testcase> <!-- agentAccountPurchaseDate -->
  <testcase name="institutionAccountFinishDate" time="0.000" classname="Unipupil.UniMavenTests.Chrome77BuyCourseAddFeesAgentDomesticIndivCommFullPaymentTest">
    <skipped/>
  </testcase> <!-- institutionAccountFinishDate -->
  <testcase name="paymentOrderHistoryLinePrice" time="0.001" classname="Unipupil.UniMavenTests.Chrome77BuyCourseAddFeesAgentDomesticIndivCommFullPaymentTest">
    <skipped/>
  </testcase> <!-- paymentOrderHistoryLinePrice -->
  <testcase name="institutionAccountAdditionalFeeTotal" time="0.000" classname="Unipupil.UniMavenTests.Chrome77BuyCourseAddFeesAgentDomesticIndivCommFullPaymentTest">
    <skipped/>
  </testcase> <!-- institutionAccountAdditionalFeeTotal -->
  <testcase name="institutionLogin" time="1.545" classname="Unipupil.UniMavenTests.Chrome77BuyCourseAddFeesAgentDomesticIndivCommFullPaymentTest"/>
  <testcase name="studentAccountCoursePrice" time="0.000" classname="Unipupil.UniMavenTests.Chrome77BuyCourseAddFeesAgentDomesticIndivCommFullPaymentTest">
    <skipped/>
  </testcase> <!-- studentAccountCoursePrice -->
  <testcase name="studentAccountAdditionalFeeTotal" time="0.000" classname="Unipupil.UniMavenTests.Chrome77BuyCourseAddFeesAgentDomesticIndivCommFullPaymentTest">
    <skipped/>
  </testcase> <!-- studentAccountAdditionalFeeTotal -->
  <testcase name="agentAccountTotalRevenue" time="0.000" classname="Unipupil.UniMavenTests.Chrome77BuyCourseAddFeesAgentDomesticIndivCommFullPaymentTest">
    <skipped/>
  </testcase> <!-- agentAccountTotalRevenue -->
  <testcase name="institutionAccountTotalPaid" time="0.000" classname="Unipupil.UniMavenTests.Chrome77BuyCourseAddFeesAgentDomesticIndivCommFullPaymentTest">
    <skipped/>
  </testcase> <!-- institutionAccountTotalPaid -->
  <testcase name="goToCourseEditPage" time="0.000" classname="Unipupil.UniMavenTests.Chrome77BuyCourseAddFeesAgentDomesticIndivCommFullPaymentTest">
    <skipped/>
  </testcase> <!-- goToCourseEditPage -->
  <testcase name="addCourseToCart" time="0.000" classname="Unipupil.UniMavenTests.Chrome77BuyCourseAddFeesAgentDomesticIndivCommFullPaymentTest">
    <skipped/>
  </testcase> <!-- addCourseToCart -->
  <testcase name="reviewOrderLinePrice" time="0.000" classname="Unipupil.UniMavenTests.Chrome77BuyCourseAddFeesAgentDomesticIndivCommFullPaymentTest">
    <skipped/>
  </testcase> <!-- reviewOrderLinePrice -->
  <testcase name="checkoutProductUnitPrice" time="0.000" classname="Unipupil.UniMavenTests.Chrome77BuyCourseAddFeesAgentDomesticIndivCommFullPaymentTest">
    <skipped/>
  </testcase> <!-- checkoutProductUnitPrice -->
  <testcase name="cartAdditionalFeesTitle" time="0.000" classname="Unipupil.UniMavenTests.Chrome77BuyCourseAddFeesAgentDomesticIndivCommFullPaymentTest">
    <skipped/>
  </testcase> <!-- cartAdditionalFeesTitle -->
  <testcase name="reviewOrderHeader" time="0.000" classname="Unipupil.UniMavenTests.Chrome77BuyCourseAddFeesAgentDomesticIndivCommFullPaymentTest">
    <skipped/>
  </testcase> <!-- reviewOrderHeader -->
  <testcase name="cartAdditionalFees" time="0.000" classname="Unipupil.UniMavenTests.Chrome77BuyCourseAddFeesAgentDomesticIndivCommFullPaymentTest">
    <skipped/>
  </testcase> <!-- cartAdditionalFees -->
  <testcase name="studentAccountPurchaseDate" time="0.000" classname="Unipupil.UniMavenTests.Chrome77BuyCourseAddFeesAgentDomesticIndivCommFullPaymentTest">
    <skipped/>
  </testcase> <!-- studentAccountPurchaseDate -->
  <testcase name="checkAggregateFeesEqualCartSubtotal" time="0.000" classname="Unipupil.UniMavenTests.Chrome77BuyCourseAddFeesAgentDomesticIndivCommFullPaymentTest">
    <skipped/>
  </testcase> <!-- checkAggregateFeesEqualCartSubtotal -->
  <testcase name="agentAccountDisplayedTotalCommissionPercent" time="0.000" classname="Unipupil.UniMavenTests.Chrome77BuyCourseAddFeesAgentDomesticIndivCommFullPaymentTest">
    <skipped/>
  </testcase> <!-- agentAccountDisplayedTotalCommissionPercent -->
  <testcase name="reviewOrderProductUnitPrice" time="0.000" classname="Unipupil.UniMavenTests.Chrome77BuyCourseAddFeesAgentDomesticIndivCommFullPaymentTest">
    <skipped/>
  </testcase> <!-- reviewOrderProductUnitPrice -->
  <testcase name="paymentOrderHistoryHeader" time="0.000" classname="Unipupil.UniMavenTests.Chrome77BuyCourseAddFeesAgentDomesticIndivCommFullPaymentTest">
    <skipped/>
  </testcase> <!-- paymentOrderHistoryHeader -->
  <testcase name="paymentOrderHistoryAdditionalFees" time="0.000" classname="Unipupil.UniMavenTests.Chrome77BuyCourseAddFeesAgentDomesticIndivCommFullPaymentTest">
    <skipped/>
  </testcase> <!-- paymentOrderHistoryAdditionalFees -->
  <testcase name="completeOrderPageMessage" time="0.000" classname="Unipupil.UniMavenTests.Chrome77BuyCourseAddFeesAgentDomesticIndivCommFullPaymentTest">
    <skipped/>
  </testcase> <!-- completeOrderPageMessage -->
  <testcase name="reviewOrderSubTotal" time="0.000" classname="Unipupil.UniMavenTests.Chrome77BuyCourseAddFeesAgentDomesticIndivCommFullPaymentTest">
    <skipped/>
  </testcase> <!-- reviewOrderSubTotal -->
  <testcase name="completeOrderTitle" time="0.000" classname="Unipupil.UniMavenTests.Chrome77BuyCourseAddFeesAgentDomesticIndivCommFullPaymentTest">
    <skipped/>
  </testcase> <!-- completeOrderTitle -->
  <testcase name="shutdown" time="6.023" classname="Unipupil.UniMavenTests.Chrome77BuyCourseAddFeesAgentDomesticIndivCommFullPaymentTest">
    <error type="java.lang.NullPointerException">
      <![CDATA[java.lang.NullPointerException
at Unipupil.TestFramework.pageObjects.UnipupilWebPage.login(UnipupilWebPage.java:90)
at Unipupil.UniMavenTests.Chrome77BuyCourseAddFeesAgentDomesticIndivCommFullPaymentTest.shutdown(Chrome77BuyCourseAddFeesAgentDomesticIndivCommFullPaymentTest.java:1308)
at sun.reflect.NativeMethodAccessorImpl.invoke0(Native Method)
at sun.reflect.NativeMethodAccessorImpl.invoke(NativeMethodAccessorImpl.java:62)
at sun.reflect.DelegatingMethodAccessorImpl.invoke(DelegatingMethodAccessorImpl.java:43)
at java.lang.reflect.Method.invoke(Method.java:498)
at org.testng.internal.MethodInvocationHelper.invokeMethod(MethodInvocationHelper.java:124)
at org.testng.internal.MethodInvocationHelper.invokeMethodConsideringTimeout(MethodInvocationHelper.java:59)
at org.testng.internal.Invoker.invokeConfigurationMethod(Invoker.java:458)
at org.testng.internal.Invoker.invokeConfigurations(Invoker.java:222)
at org.testng.internal.Invoker.invokeConfigurations(Invoker.java:142)
at org.testng.TestRunner.afterRun(TestRunner.java:725)
at org.testng.TestRunner.run(TestRunner.java:509)
at org.testng.SuiteRunner.runTest(SuiteRunner.java:455)
at org.testng.SuiteRunner.runSequentially(SuiteRunner.java:450)
at org.testng.SuiteRunner.privateRun(SuiteRunner.java:415)
at org.testng.SuiteRunner.run(SuiteRunner.java:364)
at org.testng.SuiteRunnerWorker.runSuite(SuiteRunnerWorker.java:52)
at org.testng.SuiteRunnerWorker.run(SuiteRunnerWorker.java:84)
at org.testng.TestNG.runSuitesSequentially(TestNG.java:1208)
at org.testng.TestNG.runSuitesLocally(TestNG.java:1137)
at org.testng.TestNG.runSuites(TestNG.java:1049)
at org.testng.TestNG.run(TestNG.java:1017)
at org.apache.maven.surefire.testng.TestNGExecutor.run(TestNGExecutor.java:77)
at org.apache.maven.surefire.testng.TestNGDirectoryTestSuite.execute(TestNGDirectoryTestSuite.java:110)
at org.apache.maven.surefire.testng.TestNGProvider.invoke(TestNGProvider.java:106)
at sun.reflect.NativeMethodAccessorImpl.invoke0(Native Method)
at sun.reflect.NativeMethodAccessorImpl.invoke(NativeMethodAccessorImpl.java:62)
at sun.reflect.DelegatingMethodAccessorImpl.invoke(DelegatingMethodAccessorImpl.java:43)
at java.lang.reflect.Method.invoke(Method.java:498)
at org.apache.maven.surefire.util.ReflectionUtils.invokeMethodWithArray(ReflectionUtils.java:189)
at org.apache.maven.surefire.booter.ProviderFactory$ProviderProxy.invoke(ProviderFactory.java:165)
at org.apache.maven.surefire.booter.ProviderFactory.invokeProvider(ProviderFactory.java:85)
at org.apache.maven.surefire.booter.ForkedBooter.runSuitesInProcess(ForkedBooter.java:115)
at org.apache.maven.surefire.booter.ForkedBooter.main(ForkedBooter.java:75)
]]>
    </error>
  </testcase> <!-- shutdown -->
  <testcase name="enterStudentLoginDetails" time="0.000" classname="Unipupil.UniMavenTests.Chrome77BuyCourseAddFeesAgentDomesticIndivCommFullPaymentTest">
    <skipped/>
  </testcase> <!-- enterStudentLoginDetails -->
  <testcase name="checkAggregateFeesEqualPaymentOrderHistoryTotal" time="0.000" classname="Unipupil.UniMavenTests.Chrome77BuyCourseAddFeesAgentDomesticIndivCommFullPaymentTest">
    <skipped/>
  </testcase> <!-- checkAggregateFeesEqualPaymentOrderHistoryTotal -->
  <testcase name="cartProductName" time="0.000" classname="Unipupil.UniMavenTests.Chrome77BuyCourseAddFeesAgentDomesticIndivCommFullPaymentTest">
    <skipped/>
  </testcase> <!-- cartProductName -->
  <testcase name="goToHomepage" time="9.257" classname="Unipupil.UniMavenTests.Chrome77BuyCourseAddFeesAgentDomesticIndivCommFullPaymentTest"/>
  <testcase name="getCourseList" time="0.000" classname="Unipupil.UniMavenTests.Chrome77BuyCourseAddFeesAgentDomesticIndivCommFullPaymentTest">
    <skipped/>
  </testcase> <!-- getCourseList -->
  <testcase name="checkAggregateFeesEqualCheckoutTotal" time="0.000" classname="Unipupil.UniMavenTests.Chrome77BuyCourseAddFeesAgentDomesticIndivCommFullPaymentTest">
    <skipped/>
  </testcase> <!-- checkAggregateFeesEqualCheckoutTotal -->
  <testcase name="ppConfirmPayment" time="0.000" classname="Unipupil.UniMavenTests.Chrome77BuyCourseAddFeesAgentDomesticIndivCommFullPaymentTest">
    <skipped/>
  </testcase> <!-- ppConfirmPayment -->
  <testcase name="paymentOrderHistoryTotal" time="0.000" classname="Unipupil.UniMavenTests.Chrome77BuyCourseAddFeesAgentDomesticIndivCommFullPaymentTest">
    <skipped/>
  </testcase> <!-- paymentOrderHistoryTotal -->
  <testcase name="institutionAccountDisplayedInstitutionPercent" time="0.000" classname="Unipupil.UniMavenTests.Chrome77BuyCourseAddFeesAgentDomesticIndivCommFullPaymentTest">
    <skipped/>
  </testcase> <!-- institutionAccountDisplayedInstitutionPercent -->
  <testcase name="institutionAccountCoursePrice" time="0.000" classname="Unipupil.UniMavenTests.Chrome77BuyCourseAddFeesAgentDomesticIndivCommFullPaymentTest">
    <skipped/>
  </testcase> <!-- institutionAccountCoursePrice -->
</testsuite> <!-- Unipupil.UniMavenTests.Chrome77BuyCourseAddFeesAgentDomesticIndivCommFullPaymentTest -->
